[2.678s] Invoking command in '/home/ubuntu/turtlebot3_ws/build/turtlebot3_teleop': PYTHONPATH=/home/ubuntu/turtlebot3_ws/build/turtlebot3_teleop/prefix_override:/usr/lib/python3/dist-packages/colcon_core/task/python/colcon_distutils_commands:/home/ubuntu/turtlebot3_ws/install/turtlebot3_teleop/lib/python3.10/site-packages:${PYTHONPATH} /usr/bin/python3 -W ignore:setup.py install is deprecated -W ignore:easy_install command is deprecated setup.py develop --editable --build-directory /home/ubuntu/turtlebot3_ws/build/turtlebot3_teleop/build --no-deps symlink_data
[2.842s] running develop
[2.932s] running egg_info
[2.932s] creating turtlebot3_teleop.egg-info
[2.933s] writing turtlebot3_teleop.egg-info/PKG-INFO
[2.933s] writing dependency_links to turtlebot3_teleop.egg-info/dependency_links.txt
[2.933s] writing entry points to turtlebot3_teleop.egg-info/entry_points.txt
[2.933s] writing requirements to turtlebot3_teleop.egg-info/requires.txt
[2.933s] writing top-level names to turtlebot3_teleop.egg-info/top_level.txt
[2.933s] writing manifest file 'turtlebot3_teleop.egg-info/SOURCES.txt'
[2.934s] reading manifest file 'turtlebot3_teleop.egg-info/SOURCES.txt'
[2.934s] writing manifest file 'turtlebot3_teleop.egg-info/SOURCES.txt'
[2.935s] running build_ext
[2.935s] Creating /home/ubuntu/turtlebot3_ws/install/turtlebot3_teleop/lib/python3.10/site-packages/turtlebot3-teleop.egg-link (link to .)
[2.936s] Installing teleop_keyboard script to /home/ubuntu/turtlebot3_ws/install/turtlebot3_teleop/lib/turtlebot3_teleop
[2.936s] 
[2.936s] Installed /home/ubuntu/turtlebot3_ws/build/turtlebot3_teleop
[2.936s] running symlink_data
[2.936s] creating /home/ubuntu/turtlebot3_ws/install/turtlebot3_teleop/share/ament_index
[2.936s] creating /home/ubuntu/turtlebot3_ws/install/turtlebot3_teleop/share/ament_index/resource_index
[2.936s] creating /home/ubuntu/turtlebot3_ws/install/turtlebot3_teleop/share/ament_index/resource_index/packages
[2.936s] symbolically linking /home/ubuntu/turtlebot3_ws/build/turtlebot3_teleop/resource/turtlebot3_teleop -> /home/ubuntu/turtlebot3_ws/install/turtlebot3_teleop/share/ament_index/resource_index/packages
[2.936s] symbolically linking /home/ubuntu/turtlebot3_ws/build/turtlebot3_teleop/package.xml -> /home/ubuntu/turtlebot3_ws/install/turtlebot3_teleop/share/turtlebot3_teleop
[2.963s] Invoked command in '/home/ubuntu/turtlebot3_ws/build/turtlebot3_teleop' returned '0': PYTHONPATH=/home/ubuntu/turtlebot3_ws/build/turtlebot3_teleop/prefix_override:/usr/lib/python3/dist-packages/colcon_core/task/python/colcon_distutils_commands:/home/ubuntu/turtlebot3_ws/install/turtlebot3_teleop/lib/python3.10/site-packages:${PYTHONPATH} /usr/bin/python3 -W ignore:setup.py install is deprecated -W ignore:easy_install command is deprecated setup.py develop --editable --build-directory /home/ubuntu/turtlebot3_ws/build/turtlebot3_teleop/build --no-deps symlink_data
