[0.044s] Invoking command in '/home/ubuntu/turtlebot3_ws/build/turtlebot3_cartographer': CMAKE_PREFIX_PATH=/opt/ros/humble /usr/bin/cmake /home/ubuntu/turtlebot3_ws/src/turtlebot3/turtlebot3_cartographer -DAMENT_CMAKE_SYMLINK_INSTALL=1 -DCMAKE_INSTALL_PREFIX=/home/ubuntu/turtlebot3_ws/install/turtlebot3_cartographer
[1.923s] -- The C compiler identification is GNU 11.4.0
[2.469s] -- The CXX compiler identification is GNU 11.4.0
[2.484s] -- Detecting C compiler ABI info
[2.642s] -- Detecting C compiler ABI info - done
[2.651s] -- Check for working C compiler: /usr/bin/cc - skipped
[2.652s] -- Detecting C compile features
[2.653s] -- Detecting C compile features - done
[2.658s] -- Detecting CXX compiler ABI info
[2.755s] -- Detecting CXX compiler ABI info - done
[2.760s] -- Check for working CXX compiler: /usr/bin/c++ - skipped
[2.761s] -- Detecting CXX compile features
[2.761s] -- Detecting CXX compile features - done
[2.762s] -- Found ament_cmake: 1.3.11 (/opt/ros/humble/share/ament_cmake/cmake)
[2.906s] -- Found Python3: /usr/bin/python3 (found version "3.10.12") found components: Interpreter 
[2.974s] -- Override CMake install command with custom implementation using symlinks instead of copying resources
[3.060s] -- Configuring done
[3.062s] -- Generating done
[3.063s] -- Build files have been written to: /home/ubuntu/turtlebot3_ws/build/turtlebot3_cartographer
[3.066s] Invoked command in '/home/ubuntu/turtlebot3_ws/build/turtlebot3_cartographer' returned '0': CMAKE_PREFIX_PATH=/opt/ros/humble /usr/bin/cmake /home/ubuntu/turtlebot3_ws/src/turtlebot3/turtlebot3_cartographer -DAMENT_CMAKE_SYMLINK_INSTALL=1 -DCMAKE_INSTALL_PREFIX=/home/ubuntu/turtlebot3_ws/install/turtlebot3_cartographer
[3.068s] Invoking command in '/home/ubuntu/turtlebot3_ws/build/turtlebot3_cartographer': CMAKE_PREFIX_PATH=/opt/ros/humble /usr/bin/cmake --build /home/ubuntu/turtlebot3_ws/build/turtlebot3_cartographer -- -j16 -l16
[3.105s] Invoked command in '/home/ubuntu/turtlebot3_ws/build/turtlebot3_cartographer' returned '0': CMAKE_PREFIX_PATH=/opt/ros/humble /usr/bin/cmake --build /home/ubuntu/turtlebot3_ws/build/turtlebot3_cartographer -- -j16 -l16
[3.107s] Invoking command in '/home/ubuntu/turtlebot3_ws/build/turtlebot3_cartographer': CMAKE_PREFIX_PATH=/opt/ros/humble /usr/bin/cmake --install /home/ubuntu/turtlebot3_ws/build/turtlebot3_cartographer
[3.114s] -- Install configuration: ""
[3.114s] -- Execute custom install script
[3.115s] -- Symlinking: /home/ubuntu/turtlebot3_ws/install/turtlebot3_cartographer/share/turtlebot3_cartographer/config/turtlebot3_lds_2d.lua
[3.125s] -- Symlinking: /home/ubuntu/turtlebot3_ws/install/turtlebot3_cartographer/share/turtlebot3_cartographer/launch/cartographer.launch.py
[3.131s] -- Symlinking: /home/ubuntu/turtlebot3_ws/install/turtlebot3_cartographer/share/turtlebot3_cartographer/launch/occupancy_grid.launch.py
[3.140s] -- Symlinking: /home/ubuntu/turtlebot3_ws/install/turtlebot3_cartographer/share/turtlebot3_cartographer/rviz/tb3_cartographer.rviz
[3.147s] -- Symlinking: /home/ubuntu/turtlebot3_ws/install/turtlebot3_cartographer/share/ament_index/resource_index/package_run_dependencies/turtlebot3_cartographer
[3.152s] -- Symlinking: /home/ubuntu/turtlebot3_ws/install/turtlebot3_cartographer/share/ament_index/resource_index/parent_prefix_path/turtlebot3_cartographer
[3.158s] -- Symlinking: /home/ubuntu/turtlebot3_ws/install/turtlebot3_cartographer/share/turtlebot3_cartographer/environment/ament_prefix_path.sh
[3.167s] -- Symlinking: /home/ubuntu/turtlebot3_ws/install/turtlebot3_cartographer/share/turtlebot3_cartographer/environment/ament_prefix_path.dsv
[3.180s] -- Symlinking: /home/ubuntu/turtlebot3_ws/install/turtlebot3_cartographer/share/turtlebot3_cartographer/environment/path.sh
[3.192s] -- Symlinking: /home/ubuntu/turtlebot3_ws/install/turtlebot3_cartographer/share/turtlebot3_cartographer/environment/path.dsv
[3.201s] -- Symlinking: /home/ubuntu/turtlebot3_ws/install/turtlebot3_cartographer/share/turtlebot3_cartographer/local_setup.bash
[3.207s] -- Symlinking: /home/ubuntu/turtlebot3_ws/install/turtlebot3_cartographer/share/turtlebot3_cartographer/local_setup.sh
[3.214s] -- Symlinking: /home/ubuntu/turtlebot3_ws/install/turtlebot3_cartographer/share/turtlebot3_cartographer/local_setup.zsh
[3.220s] -- Symlinking: /home/ubuntu/turtlebot3_ws/install/turtlebot3_cartographer/share/turtlebot3_cartographer/local_setup.dsv
[3.227s] -- Symlinking: /home/ubuntu/turtlebot3_ws/install/turtlebot3_cartographer/share/turtlebot3_cartographer/package.dsv
[3.234s] -- Symlinking: /home/ubuntu/turtlebot3_ws/install/turtlebot3_cartographer/share/ament_index/resource_index/packages/turtlebot3_cartographer
[3.243s] -- Symlinking: /home/ubuntu/turtlebot3_ws/install/turtlebot3_cartographer/share/turtlebot3_cartographer/cmake/turtlebot3_cartographerConfig.cmake
[3.249s] -- Symlinking: /home/ubuntu/turtlebot3_ws/install/turtlebot3_cartographer/share/turtlebot3_cartographer/cmake/turtlebot3_cartographerConfig-version.cmake
[3.255s] -- Symlinking: /home/ubuntu/turtlebot3_ws/install/turtlebot3_cartographer/share/turtlebot3_cartographer/package.xml
[3.271s] Invoked command in '/home/ubuntu/turtlebot3_ws/build/turtlebot3_cartographer' returned '0': CMAKE_PREFIX_PATH=/opt/ros/humble /usr/bin/cmake --install /home/ubuntu/turtlebot3_ws/build/turtlebot3_cartographer
