[0.541s] Invoking command in '/home/ubuntu/turtlebot3_ws/src/bug2_navigation': PYTHONPATH=/home/ubuntu/turtlebot3_ws/build/bug2_navigation/prefix_override:/usr/lib/python3/dist-packages/colcon_core/task/python/colcon_distutils_commands:/home/ubuntu/turtlebot3_ws/install/bug2_navigation/lib/python3.10/site-packages:${PYTHONPATH} /usr/bin/python3 -W ignore:setup.py install is deprecated -W ignore:easy_install command is deprecated setup.py egg_info --egg-base ../../build/bug2_navigation build --build-base /home/ubuntu/turtlebot3_ws/build/bug2_navigation/build install --record /home/ubuntu/turtlebot3_ws/build/bug2_navigation/install.log --single-version-externally-managed install_data
[0.688s] running egg_info
[0.688s] creating ../../build/bug2_navigation/bug2_navigation.egg-info
[0.688s] writing ../../build/bug2_navigation/bug2_navigation.egg-info/PKG-INFO
[0.688s] writing dependency_links to ../../build/bug2_navigation/bug2_navigation.egg-info/dependency_links.txt
[0.688s] writing entry points to ../../build/bug2_navigation/bug2_navigation.egg-info/entry_points.txt
[0.689s] writing requirements to ../../build/bug2_navigation/bug2_navigation.egg-info/requires.txt
[0.689s] writing top-level names to ../../build/bug2_navigation/bug2_navigation.egg-info/top_level.txt
[0.689s] writing manifest file '../../build/bug2_navigation/bug2_navigation.egg-info/SOURCES.txt'
[0.689s] reading manifest file '../../build/bug2_navigation/bug2_navigation.egg-info/SOURCES.txt'
[0.690s] writing manifest file '../../build/bug2_navigation/bug2_navigation.egg-info/SOURCES.txt'
[0.690s] running build
[0.690s] running build_py
[0.690s] creating /home/ubuntu/turtlebot3_ws/build/bug2_navigation/build
[0.690s] creating /home/ubuntu/turtlebot3_ws/build/bug2_navigation/build/lib
[0.690s] creating /home/ubuntu/turtlebot3_ws/build/bug2_navigation/build/lib/bug2_navigation
[0.690s] copying bug2_navigation/__init__.py -> /home/ubuntu/turtlebot3_ws/build/bug2_navigation/build/lib/bug2_navigation
[0.690s] running install
[0.690s] running install_lib
[0.691s] creating /home/ubuntu/turtlebot3_ws/install/bug2_navigation/lib/python3.10/site-packages/bug2_navigation
[0.691s] copying /home/ubuntu/turtlebot3_ws/build/bug2_navigation/build/lib/bug2_navigation/__init__.py -> /home/ubuntu/turtlebot3_ws/install/bug2_navigation/lib/python3.10/site-packages/bug2_navigation
[0.691s] byte-compiling /home/ubuntu/turtlebot3_ws/install/bug2_navigation/lib/python3.10/site-packages/bug2_navigation/__init__.py to __init__.cpython-310.pyc
[0.691s] running install_data
[0.691s] creating /home/ubuntu/turtlebot3_ws/install/bug2_navigation/share/ament_index
[0.691s] creating /home/ubuntu/turtlebot3_ws/install/bug2_navigation/share/ament_index/resource_index
[0.691s] creating /home/ubuntu/turtlebot3_ws/install/bug2_navigation/share/ament_index/resource_index/packages
[0.691s] copying resource/bug2_navigation -> /home/ubuntu/turtlebot3_ws/install/bug2_navigation/share/ament_index/resource_index/packages
[0.691s] copying package.xml -> /home/ubuntu/turtlebot3_ws/install/bug2_navigation/share/bug2_navigation
[0.692s] running install_egg_info
[0.692s] Copying ../../build/bug2_navigation/bug2_navigation.egg-info to /home/ubuntu/turtlebot3_ws/install/bug2_navigation/lib/python3.10/site-packages/bug2_navigation-0.0.0-py3.10.egg-info
[0.693s] running install_scripts
[0.706s] Installing bug2_controller script to /home/ubuntu/turtlebot3_ws/install/bug2_navigation/lib/bug2_navigation
[0.706s] writing list of installed files to '/home/ubuntu/turtlebot3_ws/build/bug2_navigation/install.log'
[0.720s] Invoked command in '/home/ubuntu/turtlebot3_ws/src/bug2_navigation' returned '0': PYTHONPATH=/home/ubuntu/turtlebot3_ws/build/bug2_navigation/prefix_override:/usr/lib/python3/dist-packages/colcon_core/task/python/colcon_distutils_commands:/home/ubuntu/turtlebot3_ws/install/bug2_navigation/lib/python3.10/site-packages:${PYTHONPATH} /usr/bin/python3 -W ignore:setup.py install is deprecated -W ignore:easy_install command is deprecated setup.py egg_info --egg-base ../../build/bug2_navigation build --build-base /home/ubuntu/turtlebot3_ws/build/bug2_navigation/build install --record /home/ubuntu/turtlebot3_ws/build/bug2_navigation/install.log --single-version-externally-managed install_data
