[0.044s] Invoking command in '/home/ubuntu/turtlebot3_ws/build/turtlebot3_description': CMAKE_PREFIX_PATH=/opt/ros/humble /usr/bin/cmake /home/ubuntu/turtlebot3_ws/src/turtlebot3/turtlebot3_description -DAMENT_CMAKE_SYMLINK_INSTALL=1 -DCMAKE_INSTALL_PREFIX=/home/ubuntu/turtlebot3_ws/install/turtlebot3_description
[1.927s] -- The C compiler identification is GNU 11.4.0
[2.480s] -- The CXX compiler identification is GNU 11.4.0
[2.488s] -- Detecting C compiler ABI info
[2.644s] -- Detecting C compiler ABI info - done
[2.660s] -- Check for working C compiler: /usr/bin/cc - skipped
[2.660s] -- Detecting C compile features
[2.661s] -- Detecting C compile features - done
[2.665s] -- Detecting CXX compiler ABI info
[2.762s] -- Detecting CXX compiler ABI info - done
[2.768s] -- Check for working CXX compiler: /usr/bin/c++ - skipped
[2.768s] -- Detecting CXX compile features
[2.769s] -- Detecting CXX compile features - done
[2.770s] -- Found ament_cmake: 1.3.11 (/opt/ros/humble/share/ament_cmake/cmake)
[2.904s] -- Found Python3: /usr/bin/python3 (found version "3.10.12") found components: Interpreter 
[2.956s] -- Override CMake install command with custom implementation using symlinks instead of copying resources
[3.019s] -- Found urdf: 2.6.1 (/opt/ros/humble/share/urdf/cmake)
[3.142s] -- Configuring done
[3.144s] -- Generating done
[3.144s] -- Build files have been written to: /home/ubuntu/turtlebot3_ws/build/turtlebot3_description
[3.149s] Invoked command in '/home/ubuntu/turtlebot3_ws/build/turtlebot3_description' returned '0': CMAKE_PREFIX_PATH=/opt/ros/humble /usr/bin/cmake /home/ubuntu/turtlebot3_ws/src/turtlebot3/turtlebot3_description -DAMENT_CMAKE_SYMLINK_INSTALL=1 -DCMAKE_INSTALL_PREFIX=/home/ubuntu/turtlebot3_ws/install/turtlebot3_description
[3.151s] Invoking command in '/home/ubuntu/turtlebot3_ws/build/turtlebot3_description': CMAKE_PREFIX_PATH=/opt/ros/humble /usr/bin/cmake --build /home/ubuntu/turtlebot3_ws/build/turtlebot3_description -- -j16 -l16
[3.190s] Invoked command in '/home/ubuntu/turtlebot3_ws/build/turtlebot3_description' returned '0': CMAKE_PREFIX_PATH=/opt/ros/humble /usr/bin/cmake --build /home/ubuntu/turtlebot3_ws/build/turtlebot3_description -- -j16 -l16
[3.191s] Invoking command in '/home/ubuntu/turtlebot3_ws/build/turtlebot3_description': CMAKE_PREFIX_PATH=/opt/ros/humble /usr/bin/cmake --install /home/ubuntu/turtlebot3_ws/build/turtlebot3_description
[3.201s] -- Install configuration: ""
[3.202s] -- Execute custom install script
[3.202s] -- Symlinking: /home/ubuntu/turtlebot3_ws/install/turtlebot3_description/share/turtlebot3_description/meshes/bases/burger_base.stl
[3.209s] -- Symlinking: /home/ubuntu/turtlebot3_ws/install/turtlebot3_description/share/turtlebot3_description/meshes/bases/waffle_base.stl
[3.215s] -- Symlinking: /home/ubuntu/turtlebot3_ws/install/turtlebot3_description/share/turtlebot3_description/meshes/bases/waffle_pi_base.stl
[3.221s] -- Symlinking: /home/ubuntu/turtlebot3_ws/install/turtlebot3_description/share/turtlebot3_description/meshes/sensors/astra.dae
[3.228s] -- Symlinking: /home/ubuntu/turtlebot3_ws/install/turtlebot3_description/share/turtlebot3_description/meshes/sensors/astra.jpg
[3.238s] -- Symlinking: /home/ubuntu/turtlebot3_ws/install/turtlebot3_description/share/turtlebot3_description/meshes/sensors/lds.stl
[3.247s] -- Symlinking: /home/ubuntu/turtlebot3_ws/install/turtlebot3_description/share/turtlebot3_description/meshes/sensors/r200.dae
[3.255s] -- Symlinking: /home/ubuntu/turtlebot3_ws/install/turtlebot3_description/share/turtlebot3_description/meshes/sensors/r200.jpg
[3.259s] -- Symlinking: /home/ubuntu/turtlebot3_ws/install/turtlebot3_description/share/turtlebot3_description/meshes/wheels/left_tire.stl
[3.273s] -- Symlinking: /home/ubuntu/turtlebot3_ws/install/turtlebot3_description/share/turtlebot3_description/meshes/wheels/right_tire.stl
[3.282s] -- Symlinking: /home/ubuntu/turtlebot3_ws/install/turtlebot3_description/share/turtlebot3_description/rviz/model.rviz
[3.291s] -- Symlinking: /home/ubuntu/turtlebot3_ws/install/turtlebot3_description/share/turtlebot3_description/urdf/common_properties.urdf
[3.300s] -- Symlinking: /home/ubuntu/turtlebot3_ws/install/turtlebot3_description/share/turtlebot3_description/urdf/turtlebot3_burger.urdf
[3.307s] -- Symlinking: /home/ubuntu/turtlebot3_ws/install/turtlebot3_description/share/turtlebot3_description/urdf/turtlebot3_waffle.urdf
[3.317s] -- Symlinking: /home/ubuntu/turtlebot3_ws/install/turtlebot3_description/share/turtlebot3_description/urdf/turtlebot3_waffle_pi.urdf
[3.328s] -- Symlinking: /home/ubuntu/turtlebot3_ws/install/turtlebot3_description/share/ament_index/resource_index/package_run_dependencies/turtlebot3_description
[3.336s] -- Symlinking: /home/ubuntu/turtlebot3_ws/install/turtlebot3_description/share/ament_index/resource_index/parent_prefix_path/turtlebot3_description
[3.343s] -- Symlinking: /home/ubuntu/turtlebot3_ws/install/turtlebot3_description/share/turtlebot3_description/environment/ament_prefix_path.sh
[3.352s] -- Symlinking: /home/ubuntu/turtlebot3_ws/install/turtlebot3_description/share/turtlebot3_description/environment/ament_prefix_path.dsv
[3.359s] -- Symlinking: /home/ubuntu/turtlebot3_ws/install/turtlebot3_description/share/turtlebot3_description/environment/path.sh
[3.366s] -- Symlinking: /home/ubuntu/turtlebot3_ws/install/turtlebot3_description/share/turtlebot3_description/environment/path.dsv
[3.374s] -- Symlinking: /home/ubuntu/turtlebot3_ws/install/turtlebot3_description/share/turtlebot3_description/local_setup.bash
[3.382s] -- Symlinking: /home/ubuntu/turtlebot3_ws/install/turtlebot3_description/share/turtlebot3_description/local_setup.sh
[3.393s] -- Symlinking: /home/ubuntu/turtlebot3_ws/install/turtlebot3_description/share/turtlebot3_description/local_setup.zsh
[3.404s] -- Symlinking: /home/ubuntu/turtlebot3_ws/install/turtlebot3_description/share/turtlebot3_description/local_setup.dsv
[3.415s] -- Symlinking: /home/ubuntu/turtlebot3_ws/install/turtlebot3_description/share/turtlebot3_description/package.dsv
[3.427s] -- Symlinking: /home/ubuntu/turtlebot3_ws/install/turtlebot3_description/share/ament_index/resource_index/packages/turtlebot3_description
[3.439s] -- Symlinking: /home/ubuntu/turtlebot3_ws/install/turtlebot3_description/share/turtlebot3_description/cmake/turtlebot3_descriptionConfig.cmake
[3.452s] -- Symlinking: /home/ubuntu/turtlebot3_ws/install/turtlebot3_description/share/turtlebot3_description/cmake/turtlebot3_descriptionConfig-version.cmake
[3.464s] -- Symlinking: /home/ubuntu/turtlebot3_ws/install/turtlebot3_description/share/turtlebot3_description/package.xml
[3.480s] Invoked command in '/home/ubuntu/turtlebot3_ws/build/turtlebot3_description' returned '0': CMAKE_PREFIX_PATH=/opt/ros/humble /usr/bin/cmake --install /home/ubuntu/turtlebot3_ws/build/turtlebot3_description
